[2024-04-18 04:53:10] [1] [WARN] Reporting disabled: using no op test run registrar
[2024-04-18 04:53:10] [1] [INFO] TEST [WikiTestProj - accountLinksTest] STARTED at [19:53:10 2024-04-18]
[2024-04-18 04:53:10] [1] [INFO] Starting driver session...
[2024-04-18 04:53:15] [1] [ERROR] TEST [WikiTestProj - accountLinksTest] FAILED at [19:53:15 2024-04-18] - Could not start a new session. Response code 500. Message: session not created: This version of ChromeDriver only supports Chrome version 122
Current browser version is 124.0.6367.61 with binary path /Applications/Google Chrome.app/Contents/MacOS/Google Chrome
Build info: version: '3.5.3', revision: 'a88d25fe6b', time: '2017-08-29T12:54:15.039Z'
System info: host: 'mnabaranchuk', ip: 'fe80:0:0:0:81e:256e:abde:87b9%en0', os.name: 'Mac OS X', os.arch: 'x86_64', os.version: '14.3.1', java.version: '11.0.19'
Driver info: driver.version: unknown
remote stacktrace: 0   chromedriver                        0x00000001080202a8 chromedriver + 4625064
1   chromedriver                        0x0000000108017e53 chromedriver + 4591187
2   chromedriver                        0x0000000107c16e6a chromedriver + 392810
3   chromedriver                        0x0000000107c51f91 chromedriver + 634769
4   chromedriver                        0x0000000107c510d3 chromedriver + 630995
5   chromedriver                        0x0000000107c4c936 chromedriver + 612662
6   chromedriver                        0x0000000107c47faf chromedriver + 593839
7   chromedriver                        0x0000000107c916fc chromedriver + 894716
8   chromedriver                        0x0000000107c84613 chromedriver + 841235
9   chromedriver                        0x0000000107c553da chromedriver + 648154
10  chromedriver                        0x0000000107c55d1e chromedriver + 650526
11  chromedriver                        0x0000000107fe0a70 chromedriver + 4364912
12  chromedriver                        0x0000000107fe5e36 chromedriver + 4386358
13  chromedriver                        0x0000000107fc56de chromedriver + 4253406
14  chromedriver                        0x0000000107fe6b79 chromedriver + 4389753
15  chromedriver                        0x0000000107fb7a29 chromedriver + 4196905
16  chromedriver                        0x0000000108006b28 chromedriver + 4520744
17  chromedriver                        0x0000000108006d07 chromedriver + 4521223
18  chromedriver                        0x0000000108017a93 chromedriver + 4590227
19  libsystem_pthread.dylib             0x00007ff814397202 _pthread_start + 99
20  libsystem_pthread.dylib             0x00007ff814392bab thread_start + 15
 
Host info: host: 'mnabaranchuk', ip: 'fe80:0:0:0:81e:256e:abde:87b9%en0'
Build info: version: '4.13.0', revision: 'ba948ece5b*'
System info: os.name: 'Mac OS X', os.arch: 'x86_64', os.version: '14.3.1', java.version: '11.0.19'
Driver info: org.openqa.selenium.remote.RemoteWebDriver
Command: [null, newSession {capabilities=[Capabilities {acceptInsecureCerts: true, browserName: chrome, browserVersion: *, goog:chromeOptions: {args: [--remote-allow-origins=*, --test-type, --start-maximized, --ignore-ssl-errors], extensions: []}}]}]
Capabilities {acceptInsecureCerts: true, browserName: chrome, browserVersion: *, goog:chromeOptions: {args: [--remote-allow-origins=*, --test-type, --start-maximized, --ignore-ssl-errors], extensions: []}}

org.openqa.selenium.remote.ProtocolHandshake.createSession(ProtocolHandshake.java:140)
org.openqa.selenium.remote.ProtocolHandshake.createSession(ProtocolHandshake.java:96)
org.openqa.selenium.remote.ProtocolHandshake.createSession(ProtocolHandshake.java:68)
org.openqa.selenium.remote.HttpCommandExecutor.execute(HttpCommandExecutor.java:163)
com.zebrunner.carina.webdriver.listener.EventFiringSeleniumCommandExecutor.execute(EventFiringSeleniumCommandExecutor.java:52)
org.openqa.selenium.remote.RemoteWebDriver.execute(RemoteWebDriver.java:602)
org.openqa.selenium.remote.RemoteWebDriver.startSession(RemoteWebDriver.java:236)
org.openqa.selenium.remote.RemoteWebDriver.<init>(RemoteWebDriver.java:163)
com.zebrunner.carina.webdriver.core.factory.impl.DesktopFactory.create(DesktopFactory.java:87)
com.zebrunner.carina.webdriver.core.factory.DriverFactory.create(DriverFactory.java:89)
com.zebrunner.carina.webdriver.IDriverPool.createDriver(IDriverPool.java:376)
com.zebrunner.carina.webdriver.IDriverPool.getDriver(IDriverPool.java:122)
com.zebrunner.carina.webdriver.IDriverPool.getDriver(IDriverPool.java:85)
com.zebrunner.carina.webdriver.IDriverPool.getDriver(IDriverPool.java:73)
com.test.HeaderComponentTest.accountLinksTest(HeaderComponentTest.java:148)
java.base/jdk.internal.reflect.NativeMethodAccessorImpl.invoke0(Native Method)
java.base/jdk.internal.reflect.NativeMethodAccessorImpl.invoke(NativeMethodAccessorImpl.java:62)
java.base/jdk.internal.reflect.DelegatingMethodAccessorImpl.invoke(DelegatingMethodAccessorImpl.java:43)
java.base/java.lang.reflect.Method.invoke(Method.java:566)
org.testng.internal.invokers.MethodInvocationHelper.invokeMethod(MethodInvocationHelper.java:139)
org.testng.internal.invokers.TestInvoker.invokeMethod(TestInvoker.java:664)
org.testng.internal.invokers.TestInvoker.invokeTestMethod(TestInvoker.java:228)
org.testng.internal.invokers.MethodRunner.runInSequence(MethodRunner.java:63)
org.testng.internal.invokers.TestInvoker$MethodInvocationAgent.invoke(TestInvoker.java:961)
org.testng.internal.invokers.TestInvoker.invokeTestMethods(TestInvoker.java:201)
org.testng.internal.invokers.TestMethodWorker.invokeTestMethods(TestMethodWorker.java:148)
org.testng.internal.invokers.TestMethodWorker.run(TestMethodWorker.java:128)
java.base/java.util.ArrayList.forEach(ArrayList.java:1541)
org.testng.TestRunner.privateRun(TestRunner.java:819)
org.testng.TestRunner.run(TestRunner.java:619)
org.testng.SuiteRunner.runTest(SuiteRunner.java:443)
org.testng.SuiteRunner.runSequentially(SuiteRunner.java:437)
org.testng.SuiteRunner.privateRun(SuiteRunner.java:397)
org.testng.SuiteRunner.run(SuiteRunner.java:336)
org.testng.SuiteRunnerWorker.runSuite(SuiteRunnerWorker.java:52)
org.testng.SuiteRunnerWorker.run(SuiteRunnerWorker.java:95)
org.testng.TestNG.runSuitesSequentially(TestNG.java:1301)
org.testng.TestNG.runSuitesLocally(TestNG.java:1228)
org.testng.TestNG.runSuites(TestNG.java:1134)
org.testng.TestNG.run(TestNG.java:1101)
com.intellij.rt.testng.IDEARemoteTestNG.run(IDEARemoteTestNG.java:66)
com.intellij.rt.testng.RemoteTestNGStarter.main(RemoteTestNGStarter.java:105)
