[2024-04-20 05:02:37] [1] [WARN] Reporting disabled: using no op test run registrar
[2024-04-20 05:02:37] [1] [INFO] TEST [WikiTestProj - UserLogInTest [L01]] STARTED at [20:02:37 2024-04-20]
[2024-04-20 05:02:37] [1] [INFO] Starting driver session...
[2024-04-20 05:02:39] [1] [INFO] Driver session started.
[2024-04-20 05:02:39] [1] [INFO] INFO: opening url 'https://en.wikipedia.org/wiki/Main_Page'
[2024-04-20 05:02:41] [1] [INFO] Element 'logInLink' is clicked.
[2024-04-20 05:02:43] [1] [INFO] Keys '99davidbrown99@gmail.com' are sent to element 'usernameForm'.
[2024-04-20 05:02:44] [1] [INFO] Keys 'Hikaru1992!' are sent to element 'passwordForm'.
[2024-04-20 05:02:45] [1] [INFO] Element 'loginCheckBoxText' is clicked.
[2024-04-20 05:02:47] [1] [ERROR] TEST [WikiTestProj - UserLogInTest [L01]] FAILED at [20:02:47 2024-04-20] - Argument is of an illegal type: com.zebrunner.carina.webdriver.decorator.ExtendedWebElement

org.openqa.selenium.remote.internal.WebElementToJsonConverter.apply(WebElementToJsonConverter.java:82)
java.base/java.util.stream.ReferencePipeline$3$1.accept(ReferencePipeline.java:195)
java.base/java.util.Spliterators$ArraySpliterator.forEachRemaining(Spliterators.java:948)
java.base/java.util.stream.AbstractPipeline.copyInto(AbstractPipeline.java:484)
java.base/java.util.stream.AbstractPipeline.wrapAndCopyInto(AbstractPipeline.java:474)
java.base/java.util.stream.ReduceOps$ReduceOp.evaluateSequential(ReduceOps.java:913)
java.base/java.util.stream.AbstractPipeline.evaluate(AbstractPipeline.java:234)
java.base/java.util.stream.ReferencePipeline.collect(ReferencePipeline.java:578)
org.openqa.selenium.remote.RemoteWebDriver.executeScript(RemoteWebDriver.java:465)
java.base/jdk.internal.reflect.NativeMethodAccessorImpl.invoke0(Native Method)
java.base/jdk.internal.reflect.NativeMethodAccessorImpl.invoke(NativeMethodAccessorImpl.java:62)
java.base/jdk.internal.reflect.DelegatingMethodAccessorImpl.invoke(DelegatingMethodAccessorImpl.java:43)
java.base/java.lang.reflect.Method.invoke(Method.java:566)
org.openqa.selenium.support.decorators.WebDriverDecorator.call(WebDriverDecorator.java:249)
org.openqa.selenium.support.decorators.DefaultDecorated.call(DefaultDecorated.java:48)
org.openqa.selenium.support.decorators.WebDriverDecorator.lambda$createProxy$2(WebDriverDecorator.java:321)
net.bytebuddy.renamed.java.lang.Object$ByteBuddy$JWzUHWvB.executeScript(Unknown Source)
com.test.LogInTest.UserLogInTest(LogInTest.java:63)
java.base/jdk.internal.reflect.NativeMethodAccessorImpl.invoke0(Native Method)
java.base/jdk.internal.reflect.NativeMethodAccessorImpl.invoke(NativeMethodAccessorImpl.java:62)
java.base/jdk.internal.reflect.DelegatingMethodAccessorImpl.invoke(DelegatingMethodAccessorImpl.java:43)
java.base/java.lang.reflect.Method.invoke(Method.java:566)
org.testng.internal.invokers.MethodInvocationHelper.invokeMethod(MethodInvocationHelper.java:139)
org.testng.internal.invokers.TestInvoker.invokeMethod(TestInvoker.java:677)
org.testng.internal.invokers.TestInvoker.invokeTestMethod(TestInvoker.java:221)
org.testng.internal.invokers.MethodRunner.runInSequence(MethodRunner.java:50)
org.testng.internal.invokers.TestInvoker$MethodInvocationAgent.invoke(TestInvoker.java:969)
org.testng.internal.invokers.TestInvoker.invokeTestMethods(TestInvoker.java:194)
org.testng.internal.invokers.TestMethodWorker.invokeTestMethods(TestMethodWorker.java:148)
org.testng.internal.invokers.TestMethodWorker.run(TestMethodWorker.java:128)
java.base/java.util.ArrayList.forEach(ArrayList.java:1541)
org.testng.TestRunner.privateRun(TestRunner.java:829)
org.testng.TestRunner.run(TestRunner.java:602)
org.testng.SuiteRunner.runTest(SuiteRunner.java:437)
org.testng.SuiteRunner.runSequentially(SuiteRunner.java:431)
org.testng.SuiteRunner.privateRun(SuiteRunner.java:391)
org.testng.SuiteRunner.run(SuiteRunner.java:330)
org.testng.SuiteRunnerWorker.runSuite(SuiteRunnerWorker.java:52)
org.testng.SuiteRunnerWorker.run(SuiteRunnerWorker.java:95)
org.testng.TestNG.runSuitesSequentially(TestNG.java:1256)
org.testng.TestNG.runSuitesLocally(TestNG.java:1176)
org.testng.TestNG.runSuites(TestNG.java:1099)
org.testng.TestNG.run(TestNG.java:1067)
com.intellij.rt.testng.IDEARemoteTestNG.run(IDEARemoteTestNG.java:66)
com.intellij.rt.testng.RemoteTestNGStarter.main(RemoteTestNGStarter.java:105)
